Log file open, 05/19/21 23:24:51
LogWindows: Failed to load 'aqProf.dll' (GetLastError=126)
LogWindows: File 'aqProf.dll' does not exist
LogWindows: Failed to load 'VSPerf140.dll' (GetLastError=126)
LogWindows: File 'VSPerf140.dll' does not exist
LogWindows: Failed to load 'VtuneApi.dll' (GetLastError=126)
LogWindows: File 'VtuneApi.dll' does not exist
LogWindows: Failed to load 'VtuneApi32e.dll' (GetLastError=126)
LogWindows: File 'VtuneApi32e.dll' does not exist
LogInit: Display: Running engine for game: Team_zupa
LogPlatformFile: Not using cached read wrapper
LogTaskGraph: Started task graph with 5 named threads and 14 total threads with 3 sets of task threads.
LogStats: Stats thread started at 1.390720
LogD3D11RHI: Loaded GFSDK_Aftermath_Lib.x64.dll
LogICUInternationalization: Display: ICU TimeZone Detection - Raw Offset: +1:00, Platform Override: ''
LogPluginManager: Mounting plugin Paper2D
LogPluginManager: Mounting plugin AISupport
LogPluginManager: Mounting plugin LightPropagationVolume
LogPluginManager: Mounting plugin CLionSourceCodeAccess
LogPluginManager: Mounting plugin CodeLiteSourceCodeAccess
LogPluginManager: Mounting plugin GitSourceControl
LogPluginManager: Mounting plugin KDevelopSourceCodeAccess
LogPluginManager: Mounting plugin NullSourceCodeAccess
LogPluginManager: Mounting plugin PerforceSourceControl
LogPluginManager: Mounting plugin SubversionSourceControl
LogPluginManager: Mounting plugin UObjectPlugin
LogPluginManager: Mounting plugin VisualStudioCodeSourceCodeAccess
LogPluginManager: Mounting plugin VisualStudioSourceCodeAccess
LogPluginManager: Mounting plugin XCodeSourceCodeAccess
LogPluginManager: Mounting plugin AssetManagerEditor
LogPluginManager: Mounting plugin CryptoKeys
LogPluginManager: Mounting plugin DataValidation
LogPluginManager: Mounting plugin FacialAnimation
LogPluginManager: Mounting plugin GameplayTagsEditor
LogPluginManager: Mounting plugin MacGraphicsSwitching
LogPluginManager: Mounting plugin MeshEditor
LogPluginManager: Mounting plugin MobileLauncherProfileWizard
LogPluginManager: Mounting plugin PluginBrowser
LogPluginManager: Mounting plugin SpeedTreeImporter
LogPluginManager: Mounting plugin DatasmithContent
LogPluginManager: Mounting plugin AlembicImporter
LogPluginManager: Mounting plugin AppleImageUtils
LogPluginManager: Mounting plugin AppleVision
LogPluginManager: Mounting plugin BackChannel
LogPluginManager: Mounting plugin CharacterAI
LogPluginManager: Mounting plugin GeometryCache
LogPluginManager: Mounting plugin HTML5Networking
LogPluginManager: Mounting plugin ProxyLODPlugin
LogPluginManager: Mounting plugin MagicLeap
LogPluginManager: Mounting plugin MagicLeapEmulator
LogPluginManager: Mounting plugin MagicLeapMedia
LogPluginManager: Mounting plugin AndroidMedia
LogPluginManager: Mounting plugin AvfMedia
LogPluginManager: Mounting plugin ImgMedia
LogPluginManager: Mounting plugin LinearTimecode
LogPluginManager: Mounting plugin MediaCompositing
LogPluginManager: Mounting plugin MediaPlayerEditor
LogPluginManager: Mounting plugin WmfMedia
LogPluginManager: Mounting plugin TcpMessaging
LogPluginManager: Mounting plugin UdpMessaging
LogPluginManager: Mounting plugin ActorSequence
LogPluginManager: Mounting plugin LevelSequenceEditor
LogPluginManager: Mounting plugin MatineeToLevelSequence
LogPluginManager: Mounting plugin NetcodeUnitTest
LogPluginManager: Mounting plugin NUTUnrealEngine4
LogPluginManager: Mounting plugin OnlineSubsystemGooglePlay
LogPluginManager: Mounting plugin OnlineSubsystemIOS
LogPluginManager: Mounting plugin OnlineSubsystem
LogPluginManager: Mounting plugin OnlineSubsystemNull
LogPluginManager: Mounting plugin OnlineSubsystemUtils
LogPluginManager: Mounting plugin LauncherChunkInstaller
LogPluginManager: Mounting plugin AndroidDeviceProfileSelector
LogPluginManager: Mounting plugin AndroidMoviePlayer
LogPluginManager: Mounting plugin AndroidPermission
LogPluginManager: Mounting plugin AppleMoviePlayer
LogPluginManager: Mounting plugin ArchVisCharacter
LogPluginManager: Mounting plugin AudioCapture
LogPluginManager: Mounting plugin CableComponent
LogPluginManager: Mounting plugin CustomMeshComponent
LogPluginManager: Mounting plugin EditableMesh
LogPluginManager: Mounting plugin ExampleDeviceProfileSelector
LogPluginManager: Mounting plugin GoogleCloudMessaging
LogPluginManager: Mounting plugin ImmediatePhysics
LogPluginManager: Mounting plugin IOSDeviceProfileSelector
LogPluginManager: Mounting plugin LinuxDeviceProfileSelector
LogPluginManager: Mounting plugin LocationServicesBPLibrary
LogPluginManager: Mounting plugin MobilePatchingUtils
LogPluginManager: Mounting plugin OculusVR
LogPluginManager: Plugin shader directory ../../../Engine/Plugins/Runtime/Oculus/OculusVR/Shaders found
LogPluginManager: Mapping shader source directory ../../../Engine/Plugins/Runtime/Oculus/OculusVR/Shaders to virtual directory /Plugin/OculusVR
LogPluginManager: Mounting plugin PhysXVehicles
LogPluginManager: Mounting plugin ProceduralMeshComponent
LogPluginManager: Mounting plugin RuntimePhysXCooking
LogPluginManager: Mounting plugin SteamVR
LogPluginManager: Mounting plugin WindowsMoviePlayer
LogStreaming: Display: Took  0.462s to configure plugins.
LogInit: Using libcurl 7.55.1-DEV
LogInit:  - built for x86_64-pc-win32
LogInit:  - supports SSL with OpenSSL/1.0.2h
LogInit:  - supports HTTP deflate (compression) using libz 1.2.8
LogInit:  - other features:
LogInit:      CURL_VERSION_SSL
LogInit:      CURL_VERSION_LIBZ
LogInit:      CURL_VERSION_IPV6
LogInit:      CURL_VERSION_ASYNCHDNS
LogInit:      CURL_VERSION_LARGEFILE
LogInit:      CURL_VERSION_IDN
LogInit:  CurlRequestOptions (configurable via config and command line):
LogInit:  - bVerifyPeer = false  - Libcurl will NOT verify peer certificate
LogInit:  - bUseHttpProxy = false  - Libcurl will NOT use HTTP proxy
LogInit:  - bDontReuseConnections = false  - Libcurl will reuse connections
LogInit:  - CertBundlePath = nullptr  - Libcurl will use whatever was configured at build time.
LogInit:  - MaxHostConnections = 16  - Libcurl will limit the number of connections to a host
LogInit:  - LocalHostAddr = Default
LogInit:  - BufferSize = 65536
LogInit: WinSock: version 1.1 (2.2), MaxSocks=32767, MaxUdp=65467
LogInit: Build: ++UE4+Release-4.20-CL-4369336
LogInit: Engine Version: 4.20.3-4369336+++UE4+Release-4.20
LogInit: Compatible Engine Version: 4.20.0-4212847+++UE4+Release-4.20
LogInit: Net CL: 4212847
LogInit: OS: Windows 10 (), CPU: Intel(R) Core(TM) i5-7300HQ CPU @ 2.50GHz, GPU: Intel(R) HD Graphics 630
LogInit: Compiled (64-bit): Sep 17 2018 12:26:19
LogInit: Compiled with Visual C++: 19.13.26129.00
LogInit: Build Configuration: Development
LogInit: Branch Name: ++UE4+Release-4.20
LogInit: Command Line:  
LogInit: Base Directory: D:/unreal/UE_4.20/Engine/Binaries/Win64/
LogInit: Installed Engine Build: 1
LogDevObjectVersion: Number of dev versions registered: 20
LogDevObjectVersion:   Dev-Blueprints (B0D832E4-1F89-4F0D-ACCF-7EB736FD4AA2): 10
LogDevObjectVersion:   Dev-Build (E1C64328-A22C-4D53-A36C-8E866417BD8C): 0
LogDevObjectVersion:   Dev-Core (375EC13C-06E4-48FB-B500-84F0262A717E): 2
LogDevObjectVersion:   Dev-Editor (E4B068ED-F494-42E9-A231-DA0B2E46BB41): 24
LogDevObjectVersion:   Dev-Framework (CFFC743F-43B0-4480-9391-14DF171D2073): 34
LogDevObjectVersion:   Dev-Mobile (B02B49B5-BB20-44E9-A304-32B752E40360): 2
LogDevObjectVersion:   Dev-Networking (A4E4105C-59A1-49B5-A7C5-40C4547EDFEE): 0
LogDevObjectVersion:   Dev-Online (39C831C9-5AE6-47DC-9A44-9C173E1C8E7C): 0
LogDevObjectVersion:   Dev-Physics (78F01B33-EBEA-4F98-B9B4-84EACCB95AA2): 0
LogDevObjectVersion:   Dev-Platform (6631380F-2D4D-43E0-8009-CF276956A95A): 0
LogDevObjectVersion:   Dev-Rendering (12F88B9F-8875-4AFC-A67C-D90C383ABD29): 26
LogDevObjectVersion:   Dev-Sequencer (7B5AE74C-D270-4C10-A958-57980B212A5A): 9
LogDevObjectVersion:   Dev-VR (D7296918-1DD6-4BDD-9DE2-64A83CC13884): 2
LogDevObjectVersion:   Dev-LoadTimes (C2A15278-BFE7-4AFE-6C17-90FF531DF755): 1
LogDevObjectVersion:   Private-Geometry (6EACA3D4-40EC-4CC1-B786-8BED09428FC5): 3
LogDevObjectVersion:   Dev-AnimPhys (29E575DD-E0A3-4627-9D10-D276232CDCEA): 17
LogDevObjectVersion:   Dev-ReflectionCapture (6B266CEC-1EC7-4B8F-A30B-E4D90942FC07): 1
LogDevObjectVersion:   Dev-Automation (0DF73D61-A23F-47EA-B727-89E90C41499A): 1
LogDevObjectVersion:   FortniteMain (601D1886-AC64-4F84-AA16-D3DE0DEAC7D6): 12
LogDevObjectVersion:   Dev-Enterprise (9DFFBCD6-494F-0158-E221-12823C92A888): 1
LogStreaming: Display: Took  0.000s to delete old logs.
LogInit: Presizing for max 8388607 objects, including 0 objects not considered by GC, pre-allocating 0 bytes for permanent pool.
LogInit: Object subsystem initialized
[2021.05.19-21.24.52:649][  0]LogInit: Selected Device Profile: [Windows]
[2021.05.19-21.24.52:650][  0]LogInit: Applying CVar settings loaded from the selected device profile: [Windows]
[2021.05.19-21.24.52:679][  0]LogHAL: Display: Platform has ~ 16 GB [17035321344 / 17179869184 / 16], which maps to Larger [LargestMinGB=32, LargerMinGB=12, DefaultMinGB=8, SmallerMinGB=6, SmallestMinGB=0)
[2021.05.19-21.24.52:680][  0]LogInit: Setting Device Profile CVar: [[r.Vulkan.UseRealUBs:1]]
[2021.05.19-21.24.52:680][  0]LogInit: Going up to parent DeviceProfile []
[2021.05.19-21.24.52:683][  0]LogInit: Computer: DESKTOP-RHMTELH
[2021.05.19-21.24.52:683][  0]LogInit: User: belee
[2021.05.19-21.24.52:683][  0]LogInit: CPU Page size=4096, Cores=4
[2021.05.19-21.24.52:683][  0]LogInit: High frequency timer resolution =10.000000 MHz
[2021.05.19-21.24.52:684][  0]LogMemory: Memory total: Physical=15.9GB (16GB approx)
[2021.05.19-21.24.52:684][  0]LogMemory: Platform Memory Stats for Windows
[2021.05.19-21.24.52:684][  0]LogMemory: Process Physical Memory: 101.39 MB used, 101.39 MB peak
[2021.05.19-21.24.52:684][  0]LogMemory: Process Virtual Memory: 92.33 MB used, 92.33 MB peak
[2021.05.19-21.24.52:684][  0]LogMemory: Physical Memory: 9068.23 MB used,  7177.91 MB free, 16246.15 MB total
[2021.05.19-21.24.52:684][  0]LogMemory: Virtual Memory: 4611.55 MB used,  7177.91 MB free, 134217728.00 MB total
[2021.05.19-21.24.52:942][  0]LogInit: Using OS detected language (pl-PL).
[2021.05.19-21.24.52:942][  0]LogInit: Using OS detected locale (pl-PL).
[2021.05.19-21.24.52:943][  0]LogTextLocalizationManager: No specific localization for 'pl-PL' exists, so the 'pl' localization will be used.
[2021.05.19-21.24.52:950][  0]LogStreaming: Display: Took  0.007s to InitEngineTextLocalization.
[2021.05.19-21.24.52:950][  0]LogInit: Setting process to per monitor DPI aware
[2021.05.19-21.24.53:049][  0]LogSlate: New Slate User Created.  User Index 0, Is Virtual User: 0
[2021.05.19-21.24.53:049][  0]LogSlate: Slate User Registered.  User Index 0, Is Virtual User: 0
[2021.05.19-21.24.53:809][  0]LogHMD: Failed to initialize OpenVR with code 110
[2021.05.19-21.24.53:809][  0]LogD3D11RHI: D3D11 adapters:
[2021.05.19-21.24.53:923][  0]LogD3D11RHI:    0. 'NVIDIA GeForce GTX 1050' (Feature Level 11_0)
[2021.05.19-21.24.53:923][  0]LogD3D11RHI:       4021/0/8123 MB DedicatedVideo/DedicatedSystem/SharedSystem, Outputs:2, VendorId:0x10de
[2021.05.19-21.24.53:961][  0]LogD3D11RHI:    1. 'Intel(R) HD Graphics 630' (Feature Level 11_0)
[2021.05.19-21.24.53:961][  0]LogD3D11RHI:       128/0/8123 MB DedicatedVideo/DedicatedSystem/SharedSystem, Outputs:0, VendorId:0x8086
[2021.05.19-21.24.53:964][  0]LogD3D11RHI:    2. 'Microsoft Basic Render Driver' (Feature Level 11_0)
[2021.05.19-21.24.53:964][  0]LogD3D11RHI:       0/0/8123 MB DedicatedVideo/DedicatedSystem/SharedSystem, Outputs:0, VendorId:0x1414
[2021.05.19-21.24.53:964][  0]LogD3D11RHI: Chosen D3D11 Adapter: 0
[2021.05.19-21.24.54:041][  0]LogD3D11RHI: Creating new Direct3DDevice
[2021.05.19-21.24.54:041][  0]LogD3D11RHI:     GPU DeviceId: 0x1c8d (for the marketing name, search the web for "GPU Device Id")
[2021.05.19-21.24.54:041][  0]LogWindows: EnumDisplayDevices:
[2021.05.19-21.24.54:042][  0]LogWindows:    0. 'Intel(R) HD Graphics 630' (P:0 D:1)
[2021.05.19-21.24.54:043][  0]LogWindows:    1. 'Intel(R) HD Graphics 630' (P:1 D:1)
[2021.05.19-21.24.54:044][  0]LogWindows:    2. 'Intel(R) HD Graphics 630' (P:0 D:0)
[2021.05.19-21.24.54:044][  0]LogWindows: DebugString: PrimaryIsNotTheChoosenAdapter PrimaryIsNotTheChoosenAdapter PrimaryIsNotTheChoosenAdapter FoundDriverCount:0 
[2021.05.19-21.24.54:044][  0]LogD3D11RHI:     Adapter Name: NVIDIA GeForce GTX 1050
[2021.05.19-21.24.54:044][  0]LogD3D11RHI:   Driver Version: Unknown (internal:Unknown, unified:Unknown)
[2021.05.19-21.24.54:044][  0]LogD3D11RHI:      Driver Date: Unknown
[2021.05.19-21.24.54:044][  0]LogRHI: Texture pool is 2814 MB (70% of 4021 MB)
[2021.05.19-21.24.54:138][  0]LogD3D11RHI: Async texture creation enabled
[2021.05.19-21.24.54:183][  0]LogD3D11RHI: GPU Timing Frequency: 1000.000000 (Debug: 2 1)
[2021.05.19-21.24.54:190][  0]LogShaderCompilers: Guid format shader working directory is -28 characters bigger than the processId version (../../../../../2,STUDIA/2 rok gry/projekt grupowy programowanie/Team_zupa/Intermediate/Shaders/WorkingDirectory/13724/).
[2021.05.19-21.24.54:190][  0]LogShaderCompilers: Cleaned the shader compiler working directory 'C:/Users/belee/AppData/Local/Temp/UnrealShaderWorkingDir/3625CC40496E0E993339F3AF412999CC/'.
[2021.05.19-21.24.54:679][  0]LogTemp: Display: Loaded TP AllDesktopTargetPlatform
[2021.05.19-21.24.54:695][  0]LogTemp: Display: Loaded TP MacClientTargetPlatform
[2021.05.19-21.24.54:713][  0]LogTemp: Display: Loaded TP MacNoEditorTargetPlatform
[2021.05.19-21.24.54:729][  0]LogTemp: Display: Loaded TP MacServerTargetPlatform
[2021.05.19-21.24.54:749][  0]LogTemp: Display: Loaded TP MacTargetPlatform
[2021.05.19-21.24.54:767][  0]LogTemp: Display: Loaded TP WindowsClientTargetPlatform
[2021.05.19-21.24.54:786][  0]LogTemp: Display: Loaded TP WindowsNoEditorTargetPlatform
[2021.05.19-21.24.54:803][  0]LogTemp: Display: Loaded TP WindowsServerTargetPlatform
[2021.05.19-21.24.54:814][  0]LogTemp: Display: Loaded TP WindowsTargetPlatform
[2021.05.19-21.24.54:915][  0]LogTemp: Display: Loaded TP AndroidTargetPlatform
[2021.05.19-21.24.54:915][  0]LogTemp: Display: Loaded TP AndroidTargetPlatform
[2021.05.19-21.24.54:915][  0]LogTemp: Display: Loaded TP AndroidTargetPlatform
[2021.05.19-21.24.54:915][  0]LogTemp: Display: Loaded TP AndroidTargetPlatform
[2021.05.19-21.24.54:915][  0]LogTemp: Display: Loaded TP AndroidTargetPlatform
[2021.05.19-21.24.54:915][  0]LogTemp: Display: Loaded TP AndroidTargetPlatform
[2021.05.19-21.24.54:915][  0]LogTemp: Display: Loaded TP AndroidTargetPlatform
[2021.05.19-21.24.54:915][  0]LogTemp: Display: Loaded TP AndroidTargetPlatform
[2021.05.19-21.24.54:915][  0]LogTemp: Display: Loaded TP AndroidTargetPlatform
[2021.05.19-21.24.54:915][  0]LogTemp: Display: Loaded TP AndroidTargetPlatform
[2021.05.19-21.24.54:915][  0]LogTemp: Display: Loaded TP AndroidTargetPlatform
[2021.05.19-21.24.54:915][  0]LogTemp: Display: Loaded TP AndroidTargetPlatform
[2021.05.19-21.24.54:915][  0]LogTemp: Display: Loaded TP AndroidTargetPlatform
[2021.05.19-21.24.54:915][  0]LogTemp: Display: Loaded TP AndroidTargetPlatform
[2021.05.19-21.24.54:915][  0]LogTemp: Display: Loaded TP AndroidTargetPlatform
[2021.05.19-21.24.54:915][  0]LogTemp: Display: Loaded TP AndroidTargetPlatform
[2021.05.19-21.24.54:915][  0]LogTemp: Display: Loaded TP AndroidTargetPlatform
[2021.05.19-21.24.54:915][  0]LogTemp: Display: Loaded TP AndroidTargetPlatform
[2021.05.19-21.24.54:921][  0]LogTemp: Display: Loaded TP HTML5TargetPlatform
[2021.05.19-21.24.55:017][  0]LogTemp: Display: Loaded TP IOSTargetPlatform
[2021.05.19-21.24.55:017][  0]LogTemp: Display: Loaded TP IOSTargetPlatform
[2021.05.19-21.24.55:047][  0]LogTemp: Display: Loaded TP TVOSTargetPlatform
[2021.05.19-21.24.55:047][  0]LogTemp: Display: Loaded TP TVOSTargetPlatform
[2021.05.19-21.24.55:064][  0]LogTemp: Display: Loaded TP LinuxClientTargetPlatform
[2021.05.19-21.24.55:083][  0]LogTemp: Display: Loaded TP LinuxNoEditorTargetPlatform
[2021.05.19-21.24.55:099][  0]LogTemp: Display: Loaded TP LinuxServerTargetPlatform
[2021.05.19-21.24.55:119][  0]LogTemp: Display: Loaded TP LinuxTargetPlatform
[2021.05.19-21.24.55:131][  0]LogTemp: Display: Loaded TP LuminTargetPlatform
[2021.05.19-21.24.55:132][  0]LogTargetPlatformManager: Display: Building Assets For Windows
[2021.05.19-21.24.55:291][  0]LogXGEController: Cleaning working directory: C:/Users/belee/AppData/Local/Temp/UnrealXGEWorkingDir/
[2021.05.19-21.24.55:291][  0]LogXGEController: Cannot use XGE Controller as Incredibuild is not installed on this machine.
[2021.05.19-21.24.55:291][  0]LogShaderCompilers: Cannot use XGE Shader Compiler as Incredibuild is not installed on this machine.
[2021.05.19-21.24.55:291][  0]LogShaderCompilers: Display: Using Local Shader Compiler.
[2021.05.19-21.24.56:606][  0]LogDerivedDataCache: Display: Max Cache Size: 512 MB
[2021.05.19-21.24.56:982][  0]LogDerivedDataCache: Loaded boot cache 0.38s 71MB C:/Users/belee/AppData/Local/UnrealEngine/4.20/DerivedDataCache/Boot.ddc.
[2021.05.19-21.24.56:983][  0]LogDerivedDataCache: Display: Loaded Boot cache: C:/Users/belee/AppData/Local/UnrealEngine/4.20/DerivedDataCache/Boot.ddc
[2021.05.19-21.24.56:983][  0]LogDerivedDataCache: FDerivedDataBackendGraph:  Pak pak cache file ../../../../../2,STUDIA/2 rok gry/projekt grupowy programowanie/Team_zupa/DerivedDataCache/DDC.ddp not found, will not use a pak cache.
[2021.05.19-21.24.56:983][  0]LogDerivedDataCache: Unable to find inner node Pak for hierarchical cache Hierarchy.
[2021.05.19-21.24.56:983][  0]LogDerivedDataCache: FDerivedDataBackendGraph:  CompressedPak pak cache file ../../../../../2,STUDIA/2 rok gry/projekt grupowy programowanie/Team_zupa/DerivedDataCache/Compressed.ddp not found, will not use a pak cache.
[2021.05.19-21.24.56:983][  0]LogDerivedDataCache: Unable to find inner node CompressedPak for hierarchical cache Hierarchy.
[2021.05.19-21.24.57:014][  0]LogDerivedDataCache: Display: Pak cache opened for reading ../../../Engine/DerivedDataCache/Compressed.ddp.
[2021.05.19-21.24.57:027][  0]LogDerivedDataCache: Using Local data cache path C:/Users/belee/AppData/Local/UnrealEngine/Common/DerivedDataCache: Writable
[2021.05.19-21.24.57:027][  0]LogDerivedDataCache: Shared data cache path not found in *engine.ini, will not use an Shared cache.
[2021.05.19-21.24.57:027][  0]LogDerivedDataCache: Unable to find inner node Shared for hierarchical cache Hierarchy.
[2021.05.19-21.24.57:059][  0]LogMaterial: Verifying Global Shaders for PCD3D_SM5
[2021.05.19-21.24.57:073][  0]LogSlate: Using FreeType 2.6.0
[2021.05.19-21.24.57:082][  0]LogSlate: SlateFontServices - WITH_FREETYPE: 1, WITH_HARFBUZZ: 1
[2021.05.19-21.24.57:517][  0]LogAssetRegistry: FAssetRegistry took 0.0340 seconds to start up
[2021.05.19-21.24.59:091][  0]LogInit: Selected Device Profile: [Windows]
[2021.05.19-21.24.59:539][  0]LogSimplygon: Simplygon DLL not present - disabling.
[2021.05.19-21.24.59:573][  0]LogMeshReduction: Using SimplygonSwarm for distributed automatic mesh merging
[2021.05.19-21.24.59:574][  0]LogMeshReduction: Using ProxyLODMeshReduction for automatic mesh merging
[2021.05.19-21.24.59:575][  0]LogMeshReduction: Using QuadricMeshReduction for automatic static mesh reduction
[2021.05.19-21.24.59:575][  0]LogMeshReduction: No automatic skeletal mesh reduction module available
[2021.05.19-21.24.59:669][  0]LogNetVersion: Team_zupa 1.0.0, NetCL: 4212847, EngineNetVer: 5, GameNetVer: 0 (Checksum: 3752278940)
[2021.05.19-21.25.01:283][  0]LogPackageLocalizationCache: Processed 11 localized package path(s) for 2 prioritized culture(s) in 0.197759 seconds
[2021.05.19-21.25.01:293][  0]LogUObjectArray: 38425 objects as part of root set at end of initial load.
[2021.05.19-21.25.01:293][  0]LogUObjectAllocator: 6690864 out of 0 bytes used by permanent object pool.
[2021.05.19-21.25.01:293][  0]LogUObjectArray: CloseDisregardForGC: 0/0 objects in disregard for GC pool
[2021.05.19-21.25.04:504][  0]LogTcpMessaging: Initializing TcpMessaging bridge
[2021.05.19-21.25.04:530][  0]LogUdpMessaging: Initializing bridge on interface 0.0.0.0:0 to multicast group 230.0.0.1:6666.
[2021.05.19-21.25.04:916][  0]SourceControl: Source control is disabled
[2021.05.19-21.25.04:916][  0]SourceControl: Source control is disabled
[2021.05.19-21.25.04:934][  0]SourceControl: Source control is disabled
[2021.05.19-21.25.04:942][  0]SourceControl: Source control is disabled
[2021.05.19-21.25.05:413][  0]LogAndroidPermission: UAndroidPermissionCallbackProxy::GetInstance
[2021.05.19-21.25.05:576][  0]LogOcInput: OculusInput pre-init called
[2021.05.19-21.25.05:803][  0]LogEngine: Initializing Engine...
[2021.05.19-21.25.05:814][  0]LogHMD: Failed to initialize OpenVR with code 110
[2021.05.19-21.25.05:820][  0]LogStats: UGameplayTagsManager::ConstructGameplayTagTree: ImportINI prefixes -  0.000 s
[2021.05.19-21.25.05:820][  0]LogStats: UGameplayTagsManager::ConstructGameplayTagTree: Construct from data asset -  0.000 s
[2021.05.19-21.25.05:820][  0]LogStats: UGameplayTagsManager::ConstructGameplayTagTree: ImportINI -  0.000 s
[2021.05.19-21.25.05:821][  0]LogStats: UGameplayTagsManager::ConstructGameplayTagTree: GameplayTagTreeChangedEvent.Broadcast -  0.000 s
[2021.05.19-21.25.06:182][  0]LogInit: Initializing FReadOnlyCVARCache
[2021.05.19-21.25.06:385][  0]LogAIModule: Creating AISystem for world Untitled
[2021.05.19-21.25.06:532][  0]LogInit: XAudio2 using 'Głośniki / Słuchawki (Realtek Audio)' : 2 channels at 48 kHz using 32 bits per sample (channel mask 0x3)
[2021.05.19-21.25.06:689][  0]LogInit: FAudioDevice initialized.
[2021.05.19-21.25.06:692][  0]LogNetVersion: Set ProjectVersion to 1.0.0.0. Version Checksum will be recalculated on next use.
[2021.05.19-21.25.06:788][  0]LogDerivedDataCache: Saved boot cache 0.10s 71MB C:/Users/belee/AppData/Local/UnrealEngine/4.20/DerivedDataCache/Boot.ddc.
[2021.05.19-21.25.06:793][  0]LogInit: Texture streaming: Enabled
[2021.05.19-21.25.06:849][  0]LogEngineSessionManager: EngineSessionManager initialized
[2021.05.19-21.25.06:887][  0]LogInit: Transaction tracking system initialized
[2021.05.19-21.25.06:976][  0]BlueprintLog: New page: Editor Load
[2021.05.19-21.25.07:318][  0]LocalizationService: Localization service is disabled
[2021.05.19-21.25.08:497][  0]LogFileCache: Scanning file cache for directory 'D:/2,STUDIA/2 rok gry/projekt grupowy programowanie/Team_zupa/Content/' took 0.02s
[2021.05.19-21.25.08:497][  0]LogCook: Display: Max memory allowance for cook 16384mb min free memory 0mb
[2021.05.19-21.25.08:497][  0]LogCook: Display: Mobile HDR setting 1
[2021.05.19-21.25.08:501][  0]LogGameplayTags: Display: UGameplayTagsManager::DoneAddingNativeTags. DelegateIsBound: 0
[2021.05.19-21.25.08:502][  0]LogStats: UGameplayTagsManager::ConstructGameplayTagTree: ImportINI prefixes -  0.000 s
[2021.05.19-21.25.08:502][  0]LogStats: UGameplayTagsManager::ConstructGameplayTagTree: Construct from data asset -  0.000 s
[2021.05.19-21.25.08:502][  0]LogStats: UGameplayTagsManager::ConstructGameplayTagTree: ImportINI -  0.000 s
[2021.05.19-21.25.08:502][  0]LogStats: UGameplayTagsManager::ConstructGameplayTagTree: GameplayTagTreeChangedEvent.Broadcast -  0.000 s
[2021.05.19-21.25.08:920][  0]SourceControl: Source control is disabled
[2021.05.19-21.25.08:922][  0]Cmd: MAP LOAD FILE="../../../../../2,STUDIA/2 rok gry/projekt grupowy programowanie/Team_zupa/Content/ThirdPersonBP/Maps/ThirdPersonExampleMap.umap" TEMPLATE=0 SHOWPROGRESS=1 FEATURELEVEL=3
[2021.05.19-21.25.08:925][  0]LightingResults: New page: Lighting Build
[2021.05.19-21.25.08:970][  0]MapCheck: New page: Map Check
[2021.05.19-21.25.08:970][  0]LightingResults: New page: Lighting Build
[2021.05.19-21.25.11:191][  0]LogAIModule: Creating AISystem for world ThirdPersonExampleMap
[2021.05.19-21.25.11:351][  0]LogEditorServer: Finished looking for orphan Actors (0.000 secs)
[2021.05.19-21.25.11:420][  0]Cmd: MAP CHECKDEP NOCLEARLOG
[2021.05.19-21.25.11:495][  0]MapCheck: Map check complete: 0 Error(s), 0 Warning(s), took 74,866ms to complete.
[2021.05.19-21.25.11:496][  0]LogFileHelpers: Loading map 'ThirdPersonExampleMap' took 2.575
[2021.05.19-21.25.11:832][  0]LogSlate: Updating window title bar state: overlay mode, drag disabled, window buttons hidden, title bar hidden
[2021.05.19-21.25.11:844][  0]LogSlate: Updating window title bar state: overlay mode, drag disabled, window buttons hidden, title bar hidden
[2021.05.19-21.25.11:854][  0]LogSlate: Updating window title bar state: overlay mode, drag disabled, window buttons hidden, title bar hidden
[2021.05.19-21.25.11:864][  0]LogSlate: Updating window title bar state: overlay mode, drag disabled, window buttons hidden, title bar hidden
[2021.05.19-21.25.11:903][  0]LogCollectionManager: Loaded 0 collections in 0.001158 seconds
[2021.05.19-21.25.11:986][  0]LogFileCache: Scanning file cache for directory 'D:/2,STUDIA/2 rok gry/projekt grupowy programowanie/Team_zupa/Saved/Collections/' took 0.01s
[2021.05.19-21.25.11:986][  0]LogFileCache: Scanning file cache for directory 'D:/2,STUDIA/2 rok gry/projekt grupowy programowanie/Team_zupa/Content/Developers/belee/Collections/' took 0.01s
[2021.05.19-21.25.11:986][  0]LogFileCache: Scanning file cache for directory 'D:/2,STUDIA/2 rok gry/projekt grupowy programowanie/Team_zupa/Content/Collections/' took 0.01s
[2021.05.19-21.25.11:986][  0]LogCollectionManager: Rebuilt the GUID cache for 0 collections in 0.000000 seconds
[2021.05.19-21.25.12:010][  0]LogContentBrowser: Native class hierarchy populated in 0.0219 seconds. Added 2572 classes and 603 folders.
[2021.05.19-21.25.12:032][  0]LogContentBrowser: Native class hierarchy updated for 'WidgetCarousel' in 0.0003 seconds. Added 0 classes and 0 folders.
[2021.05.19-21.25.12:523][  0]LogContentBrowser: Native class hierarchy updated for 'AddContentDialog' in 0.0003 seconds. Added 0 classes and 0 folders.
[2021.05.19-21.25.12:546][  0]LogContentBrowser: Native class hierarchy updated for 'SceneOutliner' in 0.0009 seconds. Added 1 classes and 2 folders.
[2021.05.19-21.25.12:741][  0]LogSlate: Took 0.009980 seconds to synchronously load lazily loaded font '../../../Engine/Content/Slate/Fonts/Roboto-Regular.ttf' (155K)
[2021.05.19-21.25.12:751][  0]LogSlate: Took 0.003045 seconds to synchronously load lazily loaded font '../../../Engine/Content/Slate/Fonts/Roboto-Bold.ttf' (160K)
[2021.05.19-21.25.12:762][  0]LogSlate: Took 0.002183 seconds to synchronously load lazily loaded font '../../../Engine/Content/Editor/Slate/Fonts/FontAwesome.ttf' (139K)
[2021.05.19-21.25.13:021][  0]LogRenderer: Reallocating scene render targets to support 1208x576 Format 10 NumSamples 1 (Frame:1).
[2021.05.19-21.25.13:415][  0]LogContentBrowser: Native class hierarchy updated for 'HierarchicalLODOutliner' in 0.0004 seconds. Added 0 classes and 0 folders.
[2021.05.19-21.25.13:415][  0]LogLoad: (Engine Initialization) Total time: 27.85 seconds
[2021.05.19-21.25.13:415][  0]LogLoad: (Engine Initialization) Total Blueprint compile time: 0.00 seconds
[2021.05.19-21.25.13:543][  0]LogContentStreaming: Texture pool size now 1000 MB
[2021.05.19-21.25.13:595][  0]LogSlate: Took 0.002216 seconds to synchronously load lazily loaded font '../../../Engine/Content/Slate/Fonts/Roboto-Light.ttf' (167K)
[2021.05.19-21.25.13:747][  2]LogAssetRegistry: Asset discovery search completed in 16.2553 seconds
[2021.05.19-21.25.13:751][  2]LogCollectionManager: Rebuilt the object cache for 0 collections in 0.000000 seconds (found 0 objects)
[2021.05.19-21.25.13:751][  2]LogCollectionManager: Fixed up redirectors for 0 collections in 0.000085 seconds (updated 0 objects)
[2021.05.19-21.25.23:866][161]LogSlate: FSceneViewport::OnFocusLost() reason 0
[2021.05.19-21.26.24:124][935]LogSlate: Window 'Team_zupa - Unreal Editor' being destroyed
[2021.05.19-21.26.24:125][935]LogWindowsTextInputMethodSystem: Display: IME system now deactivated.
[2021.05.19-21.26.24:459][936]Cmd: QUIT_EDITOR
[2021.05.19-21.26.24:534][936]LogExit: Preparing to exit.
[2021.05.19-21.26.25:686][936]LogExit: Editor shut down
[2021.05.19-21.26.25:686][936]LogExit: Transaction tracking system shut down
[2021.05.19-21.26.26:550][936]LogExit: Object subsystem successfully closed.
[2021.05.19-21.26.26:601][936]LogShaderCompilers: Display: Shaders left to compile 0
[2021.05.19-21.26.26:606][936]LogD3D11RHI: Shutdown
[2021.05.19-21.26.26:606][936]LogD3D11RHI: CleanupD3DDevice
[2021.05.19-21.26.26:612][936]LogD3D11RHI: ~FD3D11DynamicRHI
[2021.05.19-21.26.26:744][936]LogModuleManager: Shutting down and abandoning module HierarchicalLODOutliner (610)
[2021.05.19-21.26.26:744][936]LogModuleManager: Shutting down and abandoning module SceneOutliner (608)
[2021.05.19-21.26.26:744][936]LogModuleManager: Shutting down and abandoning module AddContentDialog (606)
[2021.05.19-21.26.26:746][936]LogModuleManager: Shutting down and abandoning module WidgetCarousel (605)
[2021.05.19-21.26.26:746][936]LogModuleManager: Shutting down and abandoning module EditorWidgets (602)
[2021.05.19-21.26.26:746][936]LogModuleManager: Shutting down and abandoning module CollectionManager (600)
[2021.05.19-21.26.26:747][936]LogModuleManager: Shutting down and abandoning module StatsViewer (598)
[2021.05.19-21.26.26:748][936]LogModuleManager: Shutting down and abandoning module FoliageEdit (596)
[2021.05.19-21.26.26:748][936]LogModuleManager: Shutting down and abandoning module LandscapeEditor (594)
[2021.05.19-21.26.26:752][936]LogModuleManager: Shutting down and abandoning module MeshPaintMode (592)
[2021.05.19-21.26.26:753][936]LogModuleManager: Shutting down and abandoning module SceneDepthPickerMode (590)
[2021.05.19-21.26.26:753][936]LogModuleManager: Shutting down and abandoning module ActorPickerMode (588)
[2021.05.19-21.26.26:753][936]LogModuleManager: Shutting down and abandoning module GeometryMode (586)
[2021.05.19-21.26.26:753][936]LogModuleManager: Shutting down and abandoning module TextureAlignMode (584)
[2021.05.19-21.26.26:753][936]LogModuleManager: Shutting down and abandoning module BspMode (582)
[2021.05.19-21.26.26:753][936]LogModuleManager: Shutting down and abandoning module PIEPreviewDeviceProfileSelector (580)
[2021.05.19-21.26.26:754][936]LogModuleManager: Shutting down and abandoning module SequenceRecorderSections (578)
[2021.05.19-21.26.26:754][936]LogModuleManager: Shutting down and abandoning module AutomationWorker (576)
[2021.05.19-21.26.26:754][936]LogModuleManager: Shutting down and abandoning module AudioCaptureEditor (574)
[2021.05.19-21.26.26:754][936]LogModuleManager: Shutting down and abandoning module SequenceRecorder (573)
[2021.05.19-21.26.26:755][936]LogModuleManager: Shutting down and abandoning module MatineeToLevelSequence (570)
[2021.05.19-21.26.26:756][936]LogModuleManager: Shutting down and abandoning module LevelSequenceEditor (568)
[2021.05.19-21.26.26:759][936]LogModuleManager: Shutting down and abandoning module PlacementMode (567)
[2021.05.19-21.26.26:759][936]LogModuleManager: Shutting down and abandoning module MaterialEditor (566)
[2021.05.19-21.26.26:761][936]LogModuleManager: Shutting down and abandoning module WmfMediaFactory (562)
[2021.05.19-21.26.26:761][936]LogModuleManager: Shutting down and abandoning module WmfMediaEditor (560)
[2021.05.19-21.26.26:761][936]LogModuleManager: Shutting down and abandoning module MediaPlayerEditor (558)
[2021.05.19-21.26.26:764][936]LogModuleManager: Shutting down and abandoning module OpenExrWrapper (556)
[2021.05.19-21.26.26:764][936]LogModuleManager: Shutting down and abandoning module ImgMediaFactory (554)
[2021.05.19-21.26.26:764][936]LogModuleManager: Shutting down and abandoning module ImgMediaEditor (552)
[2021.05.19-21.26.26:764][936]LogModuleManager: Shutting down and abandoning module AvfMediaFactory (550)
[2021.05.19-21.26.26:764][936]LogModuleManager: Shutting down and abandoning module AvfMediaEditor (548)
[2021.05.19-21.26.26:764][936]LogModuleManager: Shutting down and abandoning module AndroidMediaFactory (546)
[2021.05.19-21.26.26:764][936]LogModuleManager: Shutting down and abandoning module AndroidMediaEditor (544)
[2021.05.19-21.26.26:764][936]LogModuleManager: Shutting down and abandoning module MagicLeapCameraPreviewFactory (542)
[2021.05.19-21.26.26:764][936]LogModuleManager: Shutting down and abandoning module MagicLeapMediaFactory (540)
[2021.05.19-21.26.26:764][936]LogModuleManager: Shutting down and abandoning module MagicLeapMediaEditor (538)
[2021.05.19-21.26.26:764][936]LogModuleManager: Shutting down and abandoning module CharacterAI (536)
[2021.05.19-21.26.26:764][936]LogModuleManager: Shutting down and abandoning module SmartSnapping (534)
[2021.05.19-21.26.26:764][936]LogModuleManager: Shutting down and abandoning module SessionServices (532)
[2021.05.19-21.26.26:764][936]LogModuleManager: Shutting down and abandoning module ViewportSnapping (530)
[2021.05.19-21.26.26:764][936]LogModuleManager: Shutting down and abandoning module ViewportInteraction (528)
[2021.05.19-21.26.26:764][936]LogModuleManager: Shutting down and abandoning module ClothPainter (526)
[2021.05.19-21.26.26:766][936]LogModuleManager: Shutting down and abandoning module SkeletalMeshEditor (525)
[2021.05.19-21.26.26:769][936]LogModuleManager: Shutting down and abandoning module LogVisualizer (522)
[2021.05.19-21.26.26:771][936]LogModuleManager: Shutting down and abandoning module IntroTutorials (520)
[2021.05.19-21.26.26:773][936]LogModuleManager: Shutting down and abandoning module GameProjectGeneration (519)
[2021.05.19-21.26.26:775][936]LogModuleManager: Shutting down and abandoning module LuminPlatformEditor (516)
[2021.05.19-21.26.26:775][936]LogModuleManager: Shutting down and abandoning module IOSPlatformEditor (514)
[2021.05.19-21.26.26:776][936]LogModuleManager: Shutting down and abandoning module HTML5PlatformEditor (512)
[2021.05.19-21.26.26:776][936]LogModuleManager: Shutting down and abandoning module AndroidPlatformEditor (510)
[2021.05.19-21.26.26:776][936]LogModuleManager: Shutting down and abandoning module AndroidDeviceDetection (509)
[2021.05.19-21.26.27:463][936]LogModuleManager: Shutting down and abandoning module WindowsPlatformEditor (506)
[2021.05.19-21.26.27:463][936]LogModuleManager: Shutting down and abandoning module LuminRuntimeSettings (504)
[2021.05.19-21.26.27:463][936]LogModuleManager: Shutting down and abandoning module IOSRuntimeSettings (502)
[2021.05.19-21.26.27:463][936]LogModuleManager: Shutting down and abandoning module AndroidRuntimeSettings (500)
[2021.05.19-21.26.27:463][936]LogModuleManager: Shutting down and abandoning module InputBindingEditor (498)
[2021.05.19-21.26.27:465][936]LogModuleManager: Shutting down and abandoning module MergeActors (496)
[2021.05.19-21.26.27:495][936]LogModuleManager: Shutting down and abandoning module LocalizationDashboard (494)
[2021.05.19-21.26.27:496][936]LogModuleManager: Shutting down and abandoning module LocalizationService (493)
[2021.05.19-21.26.27:496][936]LogModuleManager: Shutting down and abandoning module HardwareTargeting (490)
[2021.05.19-21.26.27:496][936]LogModuleManager: Shutting down and abandoning module DeviceProfileEditor (488)
[2021.05.19-21.26.27:496][936]LogModuleManager: Shutting down and abandoning module UndoHistory (486)
[2021.05.19-21.26.27:497][936]LogModuleManager: Shutting down and abandoning module XmlParser (484)
[2021.05.19-21.26.27:497][936]LogModuleManager: Shutting down and abandoning module Blutility (482)
[2021.05.19-21.26.27:498][936]LogModuleManager: Shutting down and abandoning module ProjectSettingsViewer (480)
[2021.05.19-21.26.27:498][936]LogModuleManager: Shutting down and abandoning module ProjectTargetPlatformEditor (479)
[2021.05.19-21.26.27:498][936]LogModuleManager: Shutting down and abandoning module EditorSettingsViewer (476)
[2021.05.19-21.26.27:498][936]LogModuleManager: Shutting down and abandoning module SettingsEditor (474)
[2021.05.19-21.26.27:500][936]LogModuleManager: Shutting down and abandoning module ProjectLauncher (472)
[2021.05.19-21.26.27:502][936]LogModuleManager: Shutting down and abandoning module SessionFrontend (470)
[2021.05.19-21.26.27:503][936]LogModuleManager: Shutting down and abandoning module ProfilerClient (468)
[2021.05.19-21.26.27:503][936]LogModuleManager: Shutting down and abandoning module DeviceManager (466)
[2021.05.19-21.26.27:504][936]LogModuleManager: Shutting down and abandoning module TargetDeviceServices (465)
[2021.05.19-21.26.27:560][936]LogModuleManager: Shutting down and abandoning module AutomationController (462)
[2021.05.19-21.26.27:562][936]LogModuleManager: Shutting down and abandoning module AutomationWindow (460)
[2021.05.19-21.26.27:563][936]LogModuleManager: Shutting down and abandoning module Layers (458)
[2021.05.19-21.26.27:567][936]LogModuleManager: Shutting down and abandoning module ComponentVisualizers (456)
[2021.05.19-21.26.27:567][936]LogModuleManager: Shutting down and abandoning module DetailCustomizations (454)
[2021.05.19-21.26.27:569][936]LogModuleManager: Shutting down and abandoning module PackagesDialog (452)
[2021.05.19-21.26.27:570][936]LogModuleManager: Shutting down and abandoning module Persona (450)
[2021.05.19-21.26.27:573][936]LogModuleManager: Shutting down and abandoning module AdvancedPreviewScene (449)
[2021.05.19-21.26.27:573][936]LogModuleManager: Shutting down and abandoning module AnimGraph (447)
[2021.05.19-21.26.27:574][936]LogModuleManager: Shutting down and abandoning module Kismet (444)
[2021.05.19-21.26.27:584][936]LogModuleManager: Shutting down and abandoning module GraphEditor (442)
[2021.05.19-21.26.27:587][936]LogModuleManager: Shutting down and abandoning module ClassViewer (440)
[2021.05.19-21.26.27:587][936]LogModuleManager: Shutting down and abandoning module Toolbox (438)
[2021.05.19-21.26.27:587][936]LogModuleManager: Shutting down and abandoning module ModuleUI (436)
[2021.05.19-21.26.27:588][936]LogModuleManager: Shutting down and abandoning module MovieSceneTools (434)
[2021.05.19-21.26.27:589][936]LogModuleManager: Shutting down and abandoning module OutputLog (432)
[2021.05.19-21.26.27:590][936]LogModuleManager: Shutting down and abandoning module GammaUI (430)
[2021.05.19-21.26.27:590][936]LogModuleManager: Shutting down and abandoning module Documentation (428)
[2021.05.19-21.26.27:590][936]LogModuleManager: Shutting down and abandoning module MovieSceneTracks (426)
[2021.05.19-21.26.27:591][936]LogModuleManager: Shutting down and abandoning module MovieScene (424)
[2021.05.19-21.26.27:592][936]LogModuleManager: Shutting down and abandoning module StreamingPauseRendering (422)
[2021.05.19-21.26.27:592][936]LogModuleManager: Shutting down and abandoning module LauncherPlatform (420)
[2021.05.19-21.26.27:592][936]LogModuleManager: Shutting down and abandoning module AnalyticsET (418)
[2021.05.19-21.26.27:592][936]LogModuleManager: Shutting down and abandoning module PortalServices (416)
[2021.05.19-21.26.27:592][936]LogModuleManager: Shutting down and abandoning module PortalRpc (414)
[2021.05.19-21.26.27:592][936]LogModuleManager: Shutting down and abandoning module MessagingRpc (412)
[2021.05.19-21.26.27:592][936]LogModuleManager: Shutting down and abandoning module AIModule (410)
[2021.05.19-21.26.27:593][936]LogModuleManager: Shutting down and abandoning module GameplayDebugger (409)
[2021.05.19-21.26.27:595][936]LogModuleManager: Shutting down and abandoning module AITestSuite (407)
[2021.05.19-21.26.27:595][936]LogModuleManager: Shutting down and abandoning module NavigationSystem (405)
[2021.05.19-21.26.27:595][936]LogModuleManager: Shutting down and abandoning module DesktopPlatform (402)
[2021.05.19-21.26.27:595][936]LogModuleManager: Shutting down and abandoning module ProfilerService (400)
[2021.05.19-21.26.27:701][936]LogModuleManager: Shutting down and abandoning module TaskGraph (398)
[2021.05.19-21.26.27:703][936]LogModuleManager: Shutting down and abandoning module SteamVRController (396)
[2021.05.19-21.26.27:703][936]LogModuleManager: Shutting down and abandoning module ProceduralMeshComponentEditor (394)
[2021.05.19-21.26.27:704][936]LogModuleManager: Shutting down and abandoning module ProceduralMeshComponent (392)
[2021.05.19-21.26.27:704][936]LogModuleManager: Shutting down and abandoning module OculusInput (390)
[2021.05.19-21.26.27:704][936]LogModuleManager: Shutting down and abandoning module MobilePatchingUtils (388)
[2021.05.19-21.26.27:704][936]LogModuleManager: Shutting down and abandoning module EditableMesh (386)
[2021.05.19-21.26.27:705][936]LogModuleManager: Shutting down and abandoning module CustomMeshComponent (384)
[2021.05.19-21.26.27:705][936]LogModuleManager: Shutting down and abandoning module CableComponent (382)
[2021.05.19-21.26.27:705][936]LogModuleManager: Shutting down and abandoning module AudioCapture (380)
[2021.05.19-21.26.27:705][936]LogModuleManager: Shutting down and abandoning module ArchVisCharacter (378)
[2021.05.19-21.26.27:705][936]LogModuleManager: Shutting down and abandoning module AndroidPermission (376)
[2021.05.19-21.26.27:705][936]LogModuleManager: Shutting down and abandoning module NUTUnrealEngine4 (374)
[2021.05.19-21.26.27:705][936]LogModuleManager: Shutting down and abandoning module NetcodeUnitTest (372)
[2021.05.19-21.26.27:708][936]LogModuleManager: Shutting down and abandoning module MediaCompositingEditor (370)
[2021.05.19-21.26.27:708][936]LogModuleManager: Shutting down and abandoning module MediaCompositing (368)
[2021.05.19-21.26.27:708][936]LogModuleManager: Shutting down and abandoning module LinearTimecode (366)
[2021.05.19-21.26.27:708][936]LogModuleManager: Shutting down and abandoning module ImgMedia (364)
[2021.05.19-21.26.27:713][936]LogModuleManager: Shutting down and abandoning module HTML5Networking (362)
[2021.05.19-21.26.27:713][936]LogModuleManager: Shutting down and abandoning module GeometryCacheTracks (360)
[2021.05.19-21.26.27:713][936]LogModuleManager: Shutting down and abandoning module GeometryCacheSequencer (358)
[2021.05.19-21.26.27:713][936]LogModuleManager: Shutting down and abandoning module BackChannel (356)
[2021.05.19-21.26.27:714][936]LogModuleManager: Shutting down and abandoning module AppleVision (354)
[2021.05.19-21.26.27:714][936]LogModuleManager: Shutting down and abandoning module AppleImageUtils (352)
[2021.05.19-21.26.27:714][936]LogModuleManager: Shutting down and abandoning module AlembicImporter (350)
[2021.05.19-21.26.27:714][936]LogModuleManager: Shutting down and abandoning module AlembicLibrary (349)
[2021.05.19-21.26.27:714][936]LogModuleManager: Shutting down and abandoning module GeometryCache (348)
[2021.05.19-21.26.27:714][936]LogModuleManager: Shutting down and abandoning module GeometryCacheEd (347)
[2021.05.19-21.26.27:714][936]LogModuleManager: Shutting down and abandoning module DatasmithContentEditor (342)
[2021.05.19-21.26.27:715][936]LogModuleManager: Shutting down and abandoning module DatasmithContent (340)
[2021.05.19-21.26.27:715][936]LogModuleManager: Shutting down and abandoning module SpeedTreeImporter (338)
[2021.05.19-21.26.27:715][936]LogModuleManager: Shutting down and abandoning module PluginBrowser (336)
[2021.05.19-21.26.27:719][936]LogModuleManager: Shutting down and abandoning module MobileLauncherProfileWizard (334)
[2021.05.19-21.26.27:720][936]LogModuleManager: Shutting down and abandoning module PolygonModeling (332)
[2021.05.19-21.26.27:720][936]LogModuleManager: Shutting down and abandoning module MeshEditor (330)
[2021.05.19-21.26.27:720][936]LogModuleManager: Shutting down and abandoning module CryptoKeysOpenSSL (328)
[2021.05.19-21.26.27:721][936]LogModuleManager: Shutting down and abandoning module CryptoKeys (326)
[2021.05.19-21.26.27:721][936]LogModuleManager: Shutting down and abandoning module VisualStudioSourceCodeAccess (324)
[2021.05.19-21.26.27:721][936]LogModuleManager: Shutting down and abandoning module VisualStudioCodeSourceCodeAccess (322)
[2021.05.19-21.26.27:721][936]LogModuleManager: Shutting down and abandoning module UObjectPlugin (320)
[2021.05.19-21.26.27:721][936]LogModuleManager: Shutting down and abandoning module SubversionSourceControl (318)
[2021.05.19-21.26.27:722][936]LogModuleManager: Shutting down and abandoning module PerforceSourceControl (316)
[2021.05.19-21.26.27:724][936]LogModuleManager: Shutting down and abandoning module GitSourceControl (314)
[2021.05.19-21.26.27:726][936]LogModuleManager: Shutting down and abandoning module SourceControl (313)
[2021.05.19-21.26.27:726][936]LogModuleManager: Shutting down and abandoning module CLionSourceCodeAccess (310)
[2021.05.19-21.26.27:726][936]LogModuleManager: Shutting down and abandoning module LightPropagationVolumeEditor (308)
[2021.05.19-21.26.27:726][936]LogModuleManager: Shutting down and abandoning module PaperTiledImporter (306)
[2021.05.19-21.26.27:726][936]LogModuleManager: Shutting down and abandoning module PaperSpriteSheetImporter (304)
[2021.05.19-21.26.27:726][936]LogModuleManager: Shutting down and abandoning module Paper2DEditor (302)
[2021.05.19-21.26.27:728][936]LogModuleManager: Shutting down and abandoning module MeshPaint (301)
[2021.05.19-21.26.27:729][936]LogModuleManager: Shutting down and abandoning module RuntimePhysXCooking (298)
[2021.05.19-21.26.27:729][936]LogModuleManager: Shutting down and abandoning module PhysXVehiclesEditor (296)
[2021.05.19-21.26.27:729][936]LogModuleManager: Shutting down and abandoning module PhysXVehicles (294)
[2021.05.19-21.26.27:729][936]LogModuleManager: Shutting down and abandoning module OculusEditor (292)
[2021.05.19-21.26.27:730][936]LogModuleManager: Shutting down and abandoning module LocationServicesBPLibrary (290)
[2021.05.19-21.26.27:730][936]LogModuleManager: Shutting down and abandoning module ImmediatePhysicsEditor (288)
[2021.05.19-21.26.27:730][936]LogModuleManager: Shutting down and abandoning module ImmediatePhysics (286)
[2021.05.19-21.26.27:731][936]LogModuleManager: Shutting down and abandoning module ActorSequence (284)
[2021.05.19-21.26.27:731][936]LogModuleManager: Shutting down and abandoning module UdpMessaging (282)
[2021.05.19-21.26.27:832][936]LogModuleManager: Shutting down and abandoning module TcpMessaging (280)
[2021.05.19-21.26.27:933][936]LogModuleManager: Shutting down and abandoning module MagicLeapAudio (278)
[2021.05.19-21.26.27:933][936]LogModuleManager: Shutting down and abandoning module GameplayTagsEditor (276)
[2021.05.19-21.26.27:968][936]LogModuleManager: Shutting down and abandoning module FacialAnimationEditor (274)
[2021.05.19-21.26.27:968][936]LogModuleManager: Shutting down and abandoning module FacialAnimation (272)
[2021.05.19-21.26.27:968][936]LogModuleManager: Shutting down and abandoning module DataValidation (270)
[2021.05.19-21.26.27:968][936]LogModuleManager: Shutting down and abandoning module AssetManagerEditor (268)
[2021.05.19-21.26.27:970][936]LogModuleManager: Shutting down and abandoning module LevelEditor (267)
[2021.05.19-21.26.27:972][936]LogModuleManager: Shutting down and abandoning module PixelInspectorModule (266)
[2021.05.19-21.26.27:973][936]LogModuleManager: Shutting down and abandoning module CommonMenuExtensions (264)
[2021.05.19-21.26.27:973][936]LogModuleManager: Shutting down and abandoning module MainFrame (262)
[2021.05.19-21.26.27:974][936]LogModuleManager: Shutting down and abandoning module HotReload (261)
[2021.05.19-21.26.27:975][936]LogModuleManager: Shutting down and abandoning module ContentBrowser (257)
[2021.05.19-21.26.27:977][936]LogModuleManager: Shutting down and abandoning module TreeMap (255)
[2021.05.19-21.26.27:978][936]LogModuleManager: Shutting down and abandoning module LightPropagationVolumeRuntime (252)
[2021.05.19-21.26.27:978][936]LogModuleManager: Shutting down and abandoning module AISupportModule (250)
[2021.05.19-21.26.27:978][936]LogModuleManager: Shutting down and abandoning module Paper2D (248)
[2021.05.19-21.26.27:978][936]LogModuleManager: Shutting down and abandoning module WindowsMoviePlayer (246)
[2021.05.19-21.26.27:979][936]LogModuleManager: Shutting down and abandoning module WmfMedia (244)
[2021.05.19-21.26.27:982][936]LogModuleManager: Shutting down and abandoning module Media (243)
[2021.05.19-21.26.27:987][936]LogModuleManager: Shutting down and abandoning module PacketHandler (240)
[2021.05.19-21.26.27:987][936]LogModuleManager: Shutting down and abandoning module ClothingSystemEditor (238)
[2021.05.19-21.26.27:987][936]LogModuleManager: Shutting down and abandoning module ClothingSystemRuntime (236)
[2021.05.19-21.26.28:003][936]LogModuleManager: Shutting down and abandoning module MediaAssets (234)
[2021.05.19-21.26.28:003][936]LogModuleManager: Shutting down and abandoning module Overlay (232)
[2021.05.19-21.26.28:003][936]LogModuleManager: Shutting down and abandoning module OverlayEditor (231)
[2021.05.19-21.26.28:003][936]LogModuleManager: Shutting down and abandoning module VREditor (228)
[2021.05.19-21.26.28:004][936]LogModuleManager: Shutting down and abandoning module StringTableEditor (226)
[2021.05.19-21.26.28:005][936]LogModuleManager: Shutting down and abandoning module GameplayTasksEditor (224)
[2021.05.19-21.26.28:005][936]LogModuleManager: Shutting down and abandoning module BehaviorTreeEditor (222)
[2021.05.19-21.26.28:007][936]LogModuleManager: Shutting down and abandoning module FunctionalTesting (220)
[2021.05.19-21.26.28:008][936]LogModuleManager: Shutting down and abandoning module CollisionAnalyzer (218)
[2021.05.19-21.26.28:010][936]LogModuleManager: Shutting down and abandoning module WorkspaceMenuStructure (217)
[2021.05.19-21.26.28:011][936]LogModuleManager: Shutting down and abandoning module UMG (214)
[2021.05.19-21.26.28:011][936]LogModuleManager: Shutting down and abandoning module UMGEditor (213)
[2021.05.19-21.26.28:024][936]LogModuleManager: Shutting down and abandoning module Sequencer (212)
[2021.05.19-21.26.28:028][936]LogModuleManager: Shutting down and abandoning module MessageLog (209)
[2021.05.19-21.26.28:028][936]LogModuleManager: Shutting down and abandoning module SlateReflector (204)
[2021.05.19-21.26.28:046][936]LogModuleManager: Shutting down and abandoning module Slate (202)
[2021.05.19-21.26.28:047][936]LogModuleManager: Shutting down and abandoning module EditorStyle (200)
[2021.05.19-21.26.28:048][936]LogModuleManager: Shutting down and abandoning module MRMesh (198)
[2021.05.19-21.26.28:049][936]LogModuleManager: Shutting down and abandoning module SourceCodeAccess (196)
[2021.05.19-21.26.28:049][936]LogModuleManager: Shutting down and abandoning module HeadMountedDisplay (194)
[2021.05.19-21.26.28:049][936]LogModuleManager: Shutting down and abandoning module XAudio2 (192)
[2021.05.19-21.26.28:049][936]LogModuleManager: Shutting down and abandoning module Networking (190)
[2021.05.19-21.26.28:049][936]LogModuleManager: Shutting down and abandoning module Core (188)
[2021.05.19-21.26.28:049][936]LogModuleManager: Shutting down and abandoning module LevelSequence (186)
[2021.05.19-21.26.28:049][936]LogModuleManager: Shutting down and abandoning module KismetCompiler (184)
[2021.05.19-21.26.28:049][936]LogModuleManager: Shutting down and abandoning module MeshUtilities (182)
[2021.05.19-21.26.28:050][936]LogModuleManager: Shutting down and abandoning module MeshMergeUtilities (181)
[2021.05.19-21.26.28:052][936]LogModuleManager: Shutting down and abandoning module MeshReductionInterface (180)
[2021.05.19-21.26.28:052][936]LogModuleManager: Shutting down and abandoning module SimplygonSwarm (179)
[2021.05.19-21.26.28:052][936]LogModuleManager: Shutting down and abandoning module ProxyLODMeshReduction (177)
[2021.05.19-21.26.28:054][936]LogModuleManager: Shutting down and abandoning module SimplygonMeshReduction (175)
[2021.05.19-21.26.28:054][936]LogModuleManager: Shutting down and abandoning module QuadricMeshReduction (173)
[2021.05.19-21.26.28:055][936]LogModuleManager: Shutting down and abandoning module MaterialBaking (169)
[2021.05.19-21.26.28:057][936]LogModuleManager: Shutting down and abandoning module DirectoryWatcher (165)
[2021.05.19-21.26.28:057][936]LogModuleManager: Shutting down and abandoning module DerivedDataCache (162)
[2021.05.19-21.26.28:426][936]LogDerivedDataCache: Shutdown
[2021.05.19-21.26.28:426][936]LogModuleManager: Shutting down and abandoning module XGEController (160)
[2021.05.19-21.26.28:426][936]LogXGEController: Cleaning working directory: C:/Users/belee/AppData/Local/Temp/UnrealXGEWorkingDir/
[2021.05.19-21.26.28:427][936]LogModuleManager: Shutting down and abandoning module TargetPlatform (158)
[2021.05.19-21.26.28:427][936]LogModuleManager: Shutting down and abandoning module VulkanShaderFormat (157)
[2021.05.19-21.26.28:472][936]LogModuleManager: Shutting down and abandoning module ShaderFormatVectorVM (155)
[2021.05.19-21.26.28:481][936]LogModuleManager: Shutting down and abandoning module ShaderFormatOpenGL (153)
[2021.05.19-21.26.28:482][936]LogModuleManager: Shutting down and abandoning module ShaderFormatD3D (151)
[2021.05.19-21.26.28:482][936]LogModuleManager: Shutting down and abandoning module MetalShaderFormat (149)
[2021.05.19-21.26.28:484][936]LogModuleManager: Shutting down and abandoning module TextureFormatUncompressed (147)
[2021.05.19-21.26.28:484][936]LogModuleManager: Shutting down and abandoning module TextureFormatPVR (145)
[2021.05.19-21.26.28:484][936]LogModuleManager: Shutting down and abandoning module TextureFormatDXT (143)
[2021.05.19-21.26.28:484][936]LogModuleManager: Shutting down and abandoning module TextureFormatIntelISPCTexComp (141)
[2021.05.19-21.26.28:485][936]LogModuleManager: Shutting down and abandoning module TextureFormatASTC (139)
[2021.05.19-21.26.28:485][936]LogModuleManager: Shutting down and abandoning module ImageWrapper (138)
[2021.05.19-21.26.28:485][936]LogModuleManager: Shutting down and abandoning module TextureFormatAndroid (135)
[2021.05.19-21.26.28:485][936]LogModuleManager: Shutting down and abandoning module AudioFormatOpus (133)
[2021.05.19-21.26.28:485][936]LogModuleManager: Shutting down and abandoning module AudioFormatOgg (131)
[2021.05.19-21.26.28:485][936]LogModuleManager: Shutting down and abandoning module AudioFormatADPCM (129)
[2021.05.19-21.26.28:485][936]LogModuleManager: Shutting down and abandoning module LuminTargetPlatform (127)
[2021.05.19-21.26.28:485][936]LogModuleManager: Shutting down and abandoning module LinuxTargetPlatform (125)
[2021.05.19-21.26.28:485][936]LogModuleManager: Shutting down and abandoning module LinuxServerTargetPlatform (123)
[2021.05.19-21.26.28:485][936]LogModuleManager: Shutting down and abandoning module LinuxNoEditorTargetPlatform (121)
[2021.05.19-21.26.28:485][936]LogModuleManager: Shutting down and abandoning module LinuxClientTargetPlatform (119)
[2021.05.19-21.26.28:486][936]LogModuleManager: Shutting down and abandoning module TVOSTargetPlatform (117)
[2021.05.19-21.26.28:487][936]LogModuleManager: Shutting down and abandoning module Messaging (115)
[2021.05.19-21.26.28:487][936]LogModuleManager: Shutting down and abandoning module IOSTargetPlatform (113)
[2021.05.19-21.26.28:487][936]LogModuleManager: Shutting down and abandoning module HTML5TargetPlatform (111)
[2021.05.19-21.26.28:487][936]LogModuleManager: Shutting down and abandoning module AndroidTargetPlatform (109)
[2021.05.19-21.26.28:493][936]LogModuleManager: Shutting down and abandoning module WindowsTargetPlatform (107)
[2021.05.19-21.26.28:493][936]LogModuleManager: Shutting down and abandoning module WindowsServerTargetPlatform (105)
[2021.05.19-21.26.28:493][936]LogModuleManager: Shutting down and abandoning module WindowsNoEditorTargetPlatform (103)
[2021.05.19-21.26.28:493][936]LogModuleManager: Shutting down and abandoning module WindowsClientTargetPlatform (101)
[2021.05.19-21.26.28:493][936]LogModuleManager: Shutting down and abandoning module MacTargetPlatform (99)
[2021.05.19-21.26.28:493][936]LogModuleManager: Shutting down and abandoning module MacServerTargetPlatform (97)
[2021.05.19-21.26.28:493][936]LogModuleManager: Shutting down and abandoning module MacNoEditorTargetPlatform (95)
[2021.05.19-21.26.28:493][936]LogModuleManager: Shutting down and abandoning module MacClientTargetPlatform (93)
[2021.05.19-21.26.28:493][936]LogModuleManager: Shutting down and abandoning module AllDesktopTargetPlatform (91)
[2021.05.19-21.26.28:493][936]LogModuleManager: Shutting down and abandoning module InputCore (88)
[2021.05.19-21.26.28:493][936]LogModuleManager: Shutting down and abandoning module Settings (86)
[2021.05.19-21.26.28:493][936]LogModuleManager: Shutting down and abandoning module PhysXCooking (84)
[2021.05.19-21.26.28:493][936]LogModuleManager: Shutting down and abandoning module SteamVR (82)
[2021.05.19-21.26.28:493][936]LogModuleManager: Shutting down and abandoning module OculusHMD (80)
[2021.05.19-21.26.28:494][936]LogModuleManager: Shutting down and abandoning module ExampleDeviceProfileSelector (78)
[2021.05.19-21.26.28:494][936]LogModuleManager: Shutting down and abandoning module LauncherChunkInstaller (76)
[2021.05.19-21.26.28:494][936]LogModuleManager: Shutting down and abandoning module OnlineBlueprintSupport (74)
[2021.05.19-21.26.28:494][936]LogModuleManager: Shutting down and abandoning module OnlineSubsystem (70)
[2021.05.19-21.26.28:499][936]LogModuleManager: Shutting down and abandoning module XMPP (65)
[2021.05.19-21.26.28:510][936]LogModuleManager: Shutting down and abandoning module WebSockets (64)
[2021.05.19-21.26.28:548][936]LogModuleManager: Shutting down and abandoning module HTTP (61)
[2021.05.19-21.26.28:549][936]LogHttp: Display: Http module shutting down, but needs to wait on 1 outstanding Http requests:
[2021.05.19-21.26.28:549][936]LogHttp: Display: 	verb=[POST] url=[https://datarouter.ol.epicgames.com/datarouter/api/v1/public/data?SessionID=%7BC848C4C1-4077-0B82-868B-6E8C652E1E17%7D&AppID=UEEditor.Rocket.Release&AppVersion=4.20.3-4369336%2B%2B%2BUE4%2BRelease-4.20&UserID=deaf08bc480f3f40012a7fb2499823fe%7C27591ec173fc45aba594a0e4d13e8e68%7Ce11feb4c-afe9-4519-94fe-2f11970f740e&AppEnvironment=datacollector-binary&UploadType=eteventstream] status=Processing
[2021.05.19-21.26.28:561][936]LogModuleManager: Shutting down and abandoning module SSL (60)
[2021.05.19-21.26.28:563][936]LogModuleManager: Shutting down and abandoning module MagicLeapEmulator (56)
[2021.05.19-21.26.28:563][936]LogModuleManager: Shutting down and abandoning module MagicLeapPrivileges (54)
[2021.05.19-21.26.28:563][936]LogModuleManager: Shutting down and abandoning module MagicLeapIdentity (52)
[2021.05.19-21.26.28:563][936]LogModuleManager: Shutting down and abandoning module MagicLeapHelperVulkan (50)
[2021.05.19-21.26.28:563][936]LogModuleManager: Shutting down and abandoning module MagicLeapHelperOpenGL (48)
[2021.05.19-21.26.28:563][936]LogModuleManager: Shutting down and abandoning module MagicLeapSecureStorage (46)
[2021.05.19-21.26.28:563][936]LogModuleManager: Shutting down and abandoning module MagicLeapGestures (44)
[2021.05.19-21.26.28:563][936]LogModuleManager: Shutting down and abandoning module MagicLeapEyeTracker (42)
[2021.05.19-21.26.28:563][936]LogModuleManager: Shutting down and abandoning module MagicLeapController (40)
[2021.05.19-21.26.28:563][936]LogSlate: Slate User Destroyed.  User Index 0, Is Virtual User: 0
[2021.05.19-21.26.28:563][936]LogModuleManager: Shutting down and abandoning module MagicLeap (38)
[2021.05.19-21.26.28:563][936]LogModuleManager: Shutting down and abandoning module AnimationModifiers (36)
[2021.05.19-21.26.28:566][936]LogModuleManager: Shutting down and abandoning module PropertyEditor (35)
[2021.05.19-21.26.28:567][936]LogModuleManager: Shutting down and abandoning module AudioEditor (32)
[2021.05.19-21.26.28:569][936]LogModuleManager: Shutting down and abandoning module TextureCompressor (30)
[2021.05.19-21.26.28:577][936]LogModuleManager: Shutting down and abandoning module ShaderCore (28)
[2021.05.19-21.26.28:577][936]LogModuleManager: Shutting down and abandoning module Landscape (26)
[2021.05.19-21.26.28:578][936]LogModuleManager: Shutting down and abandoning module SlateRHIRenderer (24)
[2021.05.19-21.26.28:579][936]LogModuleManager: Shutting down and abandoning module OpenGLDrv (22)
[2021.05.19-21.26.28:579][936]LogModuleManager: Shutting down and abandoning module D3D11RHI (20)
[2021.05.19-21.26.28:579][936]LogModuleManager: Shutting down and abandoning module AnimGraphRuntime (18)
[2021.05.19-21.26.28:580][936]LogModuleManager: Shutting down and abandoning module Renderer (16)
[2021.05.19-21.26.28:580][936]LogModuleManager: Shutting down and abandoning module Engine (14)
[2021.05.19-21.26.28:580][936]LogModuleManager: Shutting down and abandoning module CoreUObject (12)
[2021.05.19-21.26.28:580][936]LogModuleManager: Shutting down and abandoning module NetworkFile (10)
[2021.05.19-21.26.28:581][936]LogModuleManager: Shutting down and abandoning module CookedIterativeFile (8)
[2021.05.19-21.26.28:581][936]LogModuleManager: Shutting down and abandoning module StreamingFile (6)
[2021.05.19-21.26.28:581][936]LogModuleManager: Shutting down and abandoning module SandboxFile (4)
[2021.05.19-21.26.28:581][936]LogModuleManager: Shutting down and abandoning module PakFile (2)
[2021.05.19-21.26.28:587][936]LogExit: Exiting.
[2021.05.19-21.26.28:599][936]Log file closed, 05/19/21 23:26:28
